<?xml version="1.0" encoding="UTF-8"?>
<!-- Generated by org.testng.reporters.JUnitReportReporter -->
<testsuite hostname="LAPTOP-POCHI3TQ" failures="0" tests="13" name="com.opencart.tests.PhonesAndPDAsTest" time="11.824" errors="0" timestamp="2023-10-07T17:15:22 IST" skipped="0">
  <testcase classname="com.opencart.tests.PhonesAndPDAsTest" name="testPhoneAndPDAs" time="2.506"/>
  <system-out/>
  <testcase classname="com.opencart.tests.PhonesAndPDAsTest" name="testPhoneAndPDASPage" time="0.012"/>
  <system-out/>
  <testcase classname="com.opencart.tests.PhonesAndPDAsTest" name="testGridView" time="0.208"/>
  <system-out/>
  <testcase classname="com.opencart.tests.PhonesAndPDAsTest" name="testRating" time="1.626"/>
  <system-out/>
  <testcase classname="com.opencart.tests.PhonesAndPDAsTest" name="testRange" time="0.839"/>
  <system-out/>
  <testcase classname="com.opencart.tests.PhonesAndPDAsTest" name="testIphone" time="4.695"/>
  <system-out/>
  <testcase classname="com.opencart.tests.PhonesAndPDAsTest" name="testIphonePage" time="0.015"/>
  <system-out/>
  <testcase classname="com.opencart.tests.PhonesAndPDAsTest" name="testIphoneImage" time="0.189"/>
  <system-out/>
  <testcase classname="com.opencart.tests.PhonesAndPDAsTest" name="testNextButton" time="0.161"/>
  <system-out/>
  <testcase classname="com.opencart.tests.PhonesAndPDAsTest" name="testCloseButton" time="0.891"/>
  <system-out/>
  <testcase classname="com.opencart.tests.PhonesAndPDAsTest" name="testQuantity" time="0.291"/>
  <system-out/>
  <testcase classname="com.opencart.tests.PhonesAndPDAsTest" name="testAddToCart" time="0.175"/>
  <system-out/>
  <testcase classname="com.opencart.tests.PhonesAndPDAsTest" name="testViewCart" time="0.216"/>
  <system-out/>
</testsuite> <!-- com.opencart.tests.PhonesAndPDAsTest -->
