<?xml version="1.0" encoding="UTF-8"?>
<!-- Generated by org.testng.reporters.JUnitReportReporter -->
<testsuite hostname="LAPTOP-POCHI3TQ" failures="0" tests="6" name="com.opencart.tests.LoginTest" time="2.023" errors="0" timestamp="2023-09-29T18:10:56 IST" skipped="0">
  <testcase classname="com.opencart.tests.LoginTest" name="testMyAccount" time="0.088"/>
  <system-out/>
  <testcase classname="com.opencart.tests.LoginTest" name="testLogin" time="0.636"/>
  <system-out/>
  <testcase classname="com.opencart.tests.LoginTest" name="testLoginPage" time="0.013"/>
  <system-out/>
  <testcase classname="com.opencart.tests.LoginTest" name="testLoginDetails" time="0.195"/>
  <system-out/>
  <testcase classname="com.opencart.tests.LoginTest" name="testLogInButton" time="1.021"/>
  <system-out/>
  <testcase classname="com.opencart.tests.LoginTest" name="testSucessfullLogin" time="0.070"/>
  <system-out/>
</testsuite> <!-- com.opencart.tests.LoginTest -->
