<?xml version="1.0" encoding="UTF-8"?>
<!-- Generated by org.testng.reporters.JUnitReportReporter -->
<testsuite hostname="LAPTOP-POCHI3TQ" failures="0" tests="13" name="com.opencart.tests.TabletsTest" time="8.945" errors="0" timestamp="2023-10-05T17:39:27 IST" skipped="0">
  <testcase classname="com.opencart.tests.TabletsTest" name="testTablets" time="1.067"/>
  <system-out/>
  <testcase classname="com.opencart.tests.TabletsTest" name="testTabletsPage" time="0.030"/>
  <system-out/>
  <testcase classname="com.opencart.tests.TabletsTest" name="testGridView" time="0.075"/>
  <system-out/>
  <testcase classname="com.opencart.tests.TabletsTest" name="testRating" time="0.861"/>
  <system-out/>
  <testcase classname="com.opencart.tests.TabletsTest" name="testRange" time="0.953"/>
  <system-out/>
  <testcase classname="com.opencart.tests.TabletsTest" name="testSamsungGalaxy" time="4.579"/>
  <system-out/>
  <testcase classname="com.opencart.tests.TabletsTest" name="testSamsungGalaxyPage" time="0.023"/>
  <system-out/>
  <testcase classname="com.opencart.tests.TabletsTest" name="testSamsungGalaxyImage" time="0.104"/>
  <system-out/>
  <testcase classname="com.opencart.tests.TabletsTest" name="testNextButton" time="0.062"/>
  <system-out/>
  <testcase classname="com.opencart.tests.TabletsTest" name="testCloseButton" time="0.919"/>
  <system-out/>
  <testcase classname="com.opencart.tests.TabletsTest" name="testQuantity" time="0.181"/>
  <system-out/>
  <testcase classname="com.opencart.tests.TabletsTest" name="testAddToCart" time="0.047"/>
  <system-out/>
  <testcase classname="com.opencart.tests.TabletsTest" name="testViewCart" time="0.044"/>
  <system-out/>
</testsuite> <!-- com.opencart.tests.TabletsTest -->
